10.17.2016 13:51:53	Calculate: А = 2+ 3*(5.3/(4.5 -5)) - 8*(4.34+5)
10.17.2016 13:51:53	{А=(-104.52)}
10.17.2016 13:52:01	Calculate: B = 2+ 3*({3,5,6.4})
10.17.2016 13:52:01	{А=(-104.52), B=[11.0, 17.0, 21.200000000000003]}
10.17.2016 13:52:14	Calculate: C= A+B
10.17.2016 13:52:14	by.it.shkantau.mathlab.calc.exceptions.MathLabException
10.17.2016 13:52:14	{А=(-104.52), B=[11.0, 17.0, 21.200000000000003], C=null}
10.17.2016 13:54:22	Calculate: А = 2+ 3*(5.3/(4.5 -5)) - 8*(4.34+5)
10.17.2016 13:54:22	{А=(-104.52)}
10.17.2016 13:54:28	Calculate: B = 2+ 3*({3,5,6.4})
10.17.2016 13:54:28	{А=(-104.52), B=[11.0, 17.0, 21.200000000000003]}
10.17.2016 13:55:29	Calculate: C=A+B
10.17.2016 13:57:18	by.it.shkantau.mathlab.calc.exceptions.MathLabException
10.17.2016 13:57:18	{А=(-104.52), B=[11.0, 17.0, 21.200000000000003], C=null}
10.17.2016 14:43:50	java.io.FileNotFoundException: D:\doc\Study\Java\PVT\JavaProjects\JD2016-08-22\src\by\it\shkantau\mathlab\mathLab.logvariableStorage.dat (Не удается найти указанный файл)
10.17.2016 14:46:57	Calculate: А = 2+ 3*(5.3/(4.5 -5)) - 8*(4.34+5)
10.17.2016 14:46:57	{А=(-104.52)}
10.17.2016 14:47:07	Calculate: B = 2+ 3*({3,5,6.4})
10.17.2016 14:47:07	{А=(-104.52), B=[11.0, 17.0, 21.200000000000003]}
10.17.2016 14:48:01	Calculate: B = 2+ 3*({3,5,6.4})
10.17.2016 14:48:01	{B=[11.0, 17.0, 21.200000000000003]}
10.17.2016 14:48:18	Calculate: B = 2+ 3*({3,5,6.4})
10.17.2016 14:48:18	{B=[11.0, 17.0, 21.200000000000003]}
10.17.2016 14:53:17	java.io.FileNotFoundException: variableStorage.dat (Не удается найти указанный файл)
10.17.2016 15:04:10	java.io.StreamCorruptedException: invalid stream header: 31302E31
10.17.2016 15:06:43	java.io.StreamCorruptedException: invalid stream header: 31302E31
10.17.2016 15:07:35	java.io.StreamCorruptedException: invalid stream header: 31302E31
10.17.2016 15:15:40	java.io.StreamCorruptedException: invalid stream header: 31302E31
10.17.2016 15:17:05	java.io.StreamCorruptedException: invalid stream header: 31302E31
10.17.2016 15:32:28	java.io.StreamCorruptedException: invalid stream header: 31302E31
10.17.2016 15:41:22	java.io.StreamCorruptedException: invalid stream header: 31302E31
10.17.2016 15:43:08	java.io.StreamCorruptedException: invalid stream header: 31302E31
10.17.2016 15:43:24	Calculate: B = 2+ 3*({3,5,6.4})
10.17.2016 15:43:24	{B=[11.0, 17.0, 21.200000000000003]}
10.17.2016 15:43:56	java.io.FileNotFoundException: D:\doc\Study\Java\PVT\JavaProjects\JD2016-08-22\src\by\shkantau\mathlab\variableStorage.dat (Системе не удается найти указанный путь)
10.17.2016 15:44:37	java.io.StreamCorruptedException: invalid stream header: 31302E31
10.17.2016 15:44:40	java.io.StreamCorruptedException: invalid stream header: 31302E31
10.17.2016 15:44:49	Calculate: А = 2+ 3*(5.3/(4.5 -5)) - 8*(4.34+5)
10.17.2016 15:44:49	{А=(-104.52)}
10.17.2016 15:45:22	java.io.NotSerializableException: by.it.shkantau.mathlab.calc.Operand.VarF
10.17.2016 15:48:50	java.io.StreamCorruptedException: invalid stream header: 31302E31
10.17.2016 15:49:04	java.io.NotSerializableException: by.it.shkantau.mathlab.calc.Operand.VarF
10.17.2016 16:33:53	Calculate: C=12345
10.17.2016 16:33:53	{A=3.532, B=234.32, C=12345.0}
10.17.2016 16:34:14	Calculate: C=A+B
10.17.2016 16:34:14	{A=3.532, B=234.32, C=237.852}
10.17.2016 16:34:20	Calculate: vars
10.17.2016 16:35:39	Calculate: vars
10.17.2016 16:38:27	Calculate: asf
10.17.2016 16:38:27	by.it.shkantau.mathlab.calc.exceptions.MathLabException
10.17.2016 16:39:23	Calculate: asdf
10.17.2016 16:39:27	by.it.shkantau.mathlab.calc.exceptions.MathLabException
10.17.2016 16:40:20	Calculate: qwr
10.17.2016 16:40:20	by.it.shkantau.mathlab.calc.exceptions.MathLabException
10.17.2016 16:40:34	Calculate: asdf
10.17.2016 16:40:34	by.it.shkantau.mathlab.calc.exceptions.MathLabException
10.17.2016 16:40:52	Calculate: asdf=32
10.17.2016 16:40:52	{A=3.532, B=234.32, asdf=32.0}
10.17.2016 16:43:03	Calculate: А = 2+ 3*(5.3/(4.5 -5)) - 8*(4.34+5)
10.17.2016 16:43:03	{А=(-104.52), A=3.532, B=234.32, asdf=32.0}
10.17.2016 16:43:08	Calculate: B = 2+ 3*({3,5,6.4})
10.17.2016 16:43:08	{А=(-104.52), A=3.532, B=[11.0, 17.0, 21.200000000000003], asdf=32.0}
10.17.2016 16:43:17	Calculate: C=A+B
10.17.2016 16:43:17	by.it.shkantau.mathlab.calc.exceptions.MathLabException
10.17.2016 16:43:43	Calculate: А = 2+ 3*(5.3/(4.5 -5)) - 8*(4.34+5)
10.17.2016 16:43:43	{А=(-104.52), A=3.532, B=234.32, asdf=32.0}
10.17.2016 16:43:49	Calculate: B = 2+ 3*({3,5,6.4})
10.17.2016 16:43:49	{А=(-104.52), A=3.532, B=[11.0, 17.0, 21.200000000000003], asdf=32.0}
10.17.2016 16:51:10	Calculate: A=32
10.17.2016 16:51:10	{A=32.0}
10.17.2016 16:58:21	Calculate: А = 2+ 3*(5.3/(4.5 -5)) - 8*(4.34+5)
10.17.2016 16:58:21	{А=(-104.52), A=32.0}
10.17.2016 16:58:47	Calculate: A = 2+ 3*(5.3/(4.5 -5)) - 8*(4.34+5)
10.17.2016 16:58:47	{А=(-104.52), A=(-104.52)}
10.17.2016 16:59:22	Calculate: A = 2+ 3*(5.3/(4.5 -5)) - 8*(4.34+5)
10.17.2016 16:59:22	{A=(-104.52)}
10.17.2016 16:59:27	Calculate: B = 2+ 3*({3,5,6.4})
10.17.2016 16:59:27	{A=(-104.52), B=[11.0, 17.0, 21.200000000000003]}
10.17.2016 16:59:29	Calculate: .м
10.17.2016 16:59:29	by.it.shkantau.mathlab.calc.exceptions.MathLabException
10.17.2016 16:59:37	Calculate: /v
10.17.2016 16:59:37	by.it.shkantau.mathlab.calc.exceptions.MathLabException
10.17.2016 17:20:09	Calculate: C=A+B
10.17.2016 17:20:09	{A=(-104.52), B={11.0,17.0,21.200000000000003}, C={-93.52,-87.52,-83.32}}
